<?xml version="1.0" encoding="UTF-8"?>
<testsuite name="edu.jsu.mcis.CustomWidgetTest" tests="2" skipped="0" failures="0" errors="0" timestamp="2017-02-13T01:03:10" hostname="DESKTOP-BT4ALD4" time="0.044">
  <properties/>
  <testcase name="testClickingCenterOfWidgetSelectsIt" classname="edu.jsu.mcis.CustomWidgetTest" time="0.044"/>
  <testcase name="testWidgetIsInitiallyDeselected" classname="edu.jsu.mcis.CustomWidgetTest" time="0.0"/>
  <system-out><![CDATA[]]></system-out>
  <system-err><![CDATA[]]></system-err>
</testsuite>
